Determining if the pthread_create exist failed with the following output:
Change Dir: /home/derekroesch/catkin_ws/build/CMakeFiles/CMakeTmp

Run Build Command:"/usr/bin/make" "cmTC_a5cd4/fast"
/usr/bin/make -f CMakeFiles/cmTC_a5cd4.dir/build.make CMakeFiles/cmTC_a5cd4.dir/build
make[1]: Entering directory '/home/derekroesch/catkin_ws/build/CMakeFiles/CMakeTmp'
Building C object CMakeFiles/cmTC_a5cd4.dir/CheckSymbolExists.c.o
/usr/bin/cc    -o CMakeFiles/cmTC_a5cd4.dir/CheckSymbolExists.c.o   -c /home/derekroesch/catkin_ws/build/CMakeFiles/CMakeTmp/CheckSymbolExists.c
Linking C executable cmTC_a5cd4
/usr/bin/cmake -E cmake_link_script CMakeFiles/cmTC_a5cd4.dir/link.txt --verbose=1
/usr/bin/cc      -rdynamic CMakeFiles/cmTC_a5cd4.dir/CheckSymbolExists.c.o  -o cmTC_a5cd4 
CMakeFiles/cmTC_a5cd4.dir/CheckSymbolExists.c.o: In function `main':
CheckSymbolExists.c:(.text+0x1b): undefined reference to `pthread_create'
collect2: error: ld returned 1 exit status
CMakeFiles/cmTC_a5cd4.dir/build.make:97: recipe for target 'cmTC_a5cd4' failed
make[1]: *** [cmTC_a5cd4] Error 1
make[1]: Leaving directory '/home/derekroesch/catkin_ws/build/CMakeFiles/CMakeTmp'
Makefile:126: recipe for target 'cmTC_a5cd4/fast' failed
make: *** [cmTC_a5cd4/fast] Error 2

File /home/derekroesch/catkin_ws/build/CMakeFiles/CMakeTmp/CheckSymbolExists.c:
/* */
#include <pthread.h>

int main(int argc, char** argv)
{
  (void)argv;
#ifndef pthread_create
  return ((int*)(&pthread_create))[argc];
#else
  (void)argc;
  return 0;
#endif
}

Determining if the function pthread_create exists in the pthreads failed with the following output:
Change Dir: /home/derekroesch/catkin_ws/build/CMakeFiles/CMakeTmp

Run Build Command:"/usr/bin/make" "cmTC_2b1dc/fast"
/usr/bin/make -f CMakeFiles/cmTC_2b1dc.dir/build.make CMakeFiles/cmTC_2b1dc.dir/build
make[1]: Entering directory '/home/derekroesch/catkin_ws/build/CMakeFiles/CMakeTmp'
Building C object CMakeFiles/cmTC_2b1dc.dir/CheckFunctionExists.c.o
/usr/bin/cc   -DCHECK_FUNCTION_EXISTS=pthread_create   -o CMakeFiles/cmTC_2b1dc.dir/CheckFunctionExists.c.o   -c /usr/share/cmake-3.10/Modules/CheckFunctionExists.c
Linking C executable cmTC_2b1dc
/usr/bin/cmake -E cmake_link_script CMakeFiles/cmTC_2b1dc.dir/link.txt --verbose=1
/usr/bin/cc  -DCHECK_FUNCTION_EXISTS=pthread_create    -rdynamic CMakeFiles/cmTC_2b1dc.dir/CheckFunctionExists.c.o  -o cmTC_2b1dc -lpthreads 
/usr/bin/ld: cannot find -lpthreads
collect2: error: ld returned 1 exit status
CMakeFiles/cmTC_2b1dc.dir/build.make:97: recipe for target 'cmTC_2b1dc' failed
make[1]: *** [cmTC_2b1dc] Error 1
make[1]: Leaving directory '/home/derekroesch/catkin_ws/build/CMakeFiles/CMakeTmp'
Makefile:126: recipe for target 'cmTC_2b1dc/fast' failed
make: *** [cmTC_2b1dc/fast] Error 2


